The system is: Linux - 3.10.0-1127.19.1.el7.x86_64 - x86_64
Compiling the C compiler identification source file "CMakeCCompilerId.c" succeeded.
Compiler: /quanta1/home/chevu001/miniconda3/envs/BMIwrap/bin/x86_64-conda-linux-gnu-cc 
Build flags: -march=nocona;-mtune=haswell;-ftree-vectorize;-fPIC;-fstack-protector-strong;-fno-plt;-O2;-ffunction-sections;-pipe;-isystem;/quanta1/home/chevu001/miniconda3/envs/BMIwrap/include
Id flags:  

The output was:
0


Compilation of the C compiler identification source "CMakeCCompilerId.c" produced "a.out"

The C compiler identification is GNU, found in "/eejit/home/chevu001/PCR-WOFOST/TW/Maggy/WOFOSTBMI_Maggy/_build/CMakeFiles/3.24.3/CompilerIdC/a.out"

Detecting C compiler ABI info compiled with the following output:
Change Dir: /eejit/home/chevu001/PCR-WOFOST/TW/Maggy/WOFOSTBMI_Maggy/_build/CMakeFiles/CMakeTmp

Run Build Command(s):/usr/bin/gmake -f Makefile cmTC_d6457/fast && /usr/bin/gmake  -f CMakeFiles/cmTC_d6457.dir/build.make CMakeFiles/cmTC_d6457.dir/build
gmake[1]: Entering directory `/eejit/home/chevu001/PCR-WOFOST/TW/Maggy/WOFOSTBMI_Maggy/_build/CMakeFiles/CMakeTmp'
Building C object CMakeFiles/cmTC_d6457.dir/CMakeCCompilerABI.c.o
/quanta1/home/chevu001/miniconda3/envs/BMIwrap/bin/x86_64-conda-linux-gnu-cc   -march=nocona -mtune=haswell -ftree-vectorize -fPIC -fstack-protector-strong -fno-plt -O2 -ffunction-sections -pipe -isystem /quanta1/home/chevu001/miniconda3/envs/BMIwrap/include    -v -o CMakeFiles/cmTC_d6457.dir/CMakeCCompilerABI.c.o -c /eejit/home/chevu001/miniconda3/envs/BMIwrap/share/cmake-3.24/Modules/CMakeCCompilerABI.c
Reading specs from /eejit/home/chevu001/miniconda3/envs/BMIwrap/bin/../lib/gcc/x86_64-conda-linux-gnu/10.4.0/specs
could not find specs file conda.specs
COLLECT_GCC=/quanta1/home/chevu001/miniconda3/envs/BMIwrap/bin/x86_64-conda-linux-gnu-cc
Target: x86_64-conda-linux-gnu
Configured with: ../configure --prefix=/home/conda/feedstock_root/build_artifacts/gcc_compilers_1666516817544/_h_env_placehold_placehold_placehold_placehold_placehold_placehold_placehold_placehold_placehold_placehold_placehold_placehold_placehold_placehold_placehold_placehold_placehold_placeho --with-slibdir=/home/conda/feedstock_root/build_artifacts/gcc_compilers_1666516817544/_h_env_placehold_placehold_placehold_placehold_placehold_placehold_placehold_placehold_placehold_placehold_placehold_placehold_placehold_placehold_placehold_placehold_placehold_placeho/lib --libdir=/home/conda/feedstock_root/build_artifacts/gcc_compilers_1666516817544/_h_env_placehold_placehold_placehold_placehold_placehold_placehold_placehold_placehold_placehold_placehold_placehold_placehold_placehold_placehold_placehold_placehold_placehold_placeho/lib --mandir=/home/conda/feedstock_root/build_artifacts/gcc_compilers_1666516817544/_h_env_placehold_placehold_placehold_placehold_placehold_placehold_placehold_placehold_placehold_placehold_placehold_placehold_placehold_placehold_placehold_placehold_placehold_placeho/man --build=x86_64-conda-linux-gnu --host=x86_64-conda-linux-gnu --target=x86_64-conda-linux-gnu --enable-default-pie --enable-languages=c,c++,fortran,objc,obj-c++ --enable-__cxa_atexit --disable-libmudflap --enable-libgomp --disable-libssp --enable-libquadmath --enable-libquadmath-support --enable-libsanitizer --enable-lto --enable-threads=posix --enable-target-optspace --enable-plugin --enable-gold --disable-nls --disable-bootstrap --disable-multilib --enable-long-long --with-sysroot=/home/conda/feedstock_root/build_artifacts/gcc_compilers_1666516817544/_h_env_placehold_placehold_placehold_placehold_placehold_placehold_placehold_placehold_placehold_placehold_placehold_placehold_placehold_placehold_placehold_placehold_placehold_placeho/x86_64-conda-linux-gnu/sysroot --with-build-sysroot=/home/conda/feedstock_root/build_artifacts/gcc_compilers_1666516817544/_build_env/x86_64-conda-linux-gnu/sysroot --with-gxx-include-dir=/home/conda/feedstock_root/build_artifacts/gcc_compilers_1666516817544/_h_env_placehold_placehold_placehold_placehold_placehold_placehold_placehold_placehold_placehold_placehold_placehold_placehold_placehold_placehold_placehold_placehold_placehold_placeho/x86_64-conda-linux-gnu/include/c++/10.4.0 --with-pkgversion='conda-forge gcc 10.4.0-19' --with-bugurl=https://github.com/conda-forge/ctng-compilers-feedstock/issues/new/choose
Thread model: posix
Supported LTO compression algorithms: zlib
gcc version 10.4.0 (conda-forge gcc 10.4.0-19) 
COLLECT_GCC_OPTIONS='-march=nocona' '-mtune=haswell' '-ftree-vectorize' '-fPIC' '-fstack-protector-strong' '-fno-plt' '-O2' '-ffunction-sections' '-pipe' '-isystem' '/quanta1/home/chevu001/miniconda3/envs/BMIwrap/include' '-v' '-o' 'CMakeFiles/cmTC_d6457.dir/CMakeCCompilerABI.c.o' '-c'
 /eejit/home/chevu001/miniconda3/envs/BMIwrap/bin/../libexec/gcc/x86_64-conda-linux-gnu/10.4.0/cc1 -quiet -v -iprefix /eejit/home/chevu001/miniconda3/envs/BMIwrap/bin/../lib/gcc/x86_64-conda-linux-gnu/10.4.0/ -isysroot /eejit/home/chevu001/miniconda3/envs/BMIwrap/bin/../x86_64-conda-linux-gnu/sysroot -isystem /quanta1/home/chevu001/miniconda3/envs/BMIwrap/include /eejit/home/chevu001/miniconda3/envs/BMIwrap/share/cmake-3.24/Modules/CMakeCCompilerABI.c -quiet -dumpbase CMakeCCompilerABI.c -march=nocona -mtune=haswell -auxbase-strip CMakeFiles/cmTC_d6457.dir/CMakeCCompilerABI.c.o -O2 -version -ftree-vectorize -fPIC -fstack-protector-strong -fno-plt -ffunction-sections -o - |
 /eejit/home/chevu001/miniconda3/envs/BMIwrap/bin/../lib/gcc/x86_64-conda-linux-gnu/10.4.0/../../../../x86_64-conda-linux-gnu/bin/as -v --64 -o CMakeFiles/cmTC_d6457.dir/CMakeCCompilerABI.c.o
GNU C17 (conda-forge gcc 10.4.0-19) version 10.4.0 (x86_64-conda-linux-gnu)
	compiled by GNU C version 10.4.0, GNU assembler version 2.39 (x86_64-conda-linux-gnu) using BFD version (GNU Binutils) 2.39
GMP version 6.1.0, MPFR version 3.1.6, MPC version 1.0.3, isl version isl-0.18-GMP

GGC heuristics: --param ggc-min-expand=100 --param ggc-min-heapsize=131072
ignoring nonexistent directory "/eejit/home/chevu001/miniconda3/envs/BMIwrap/bin/../lib/gcc/x86_64-conda-linux-gnu/10.4.0/../../../../x86_64-conda-linux-gnu/include"
ignoring duplicate directory "/eejit/home/chevu001/miniconda3/envs/BMIwrap/bin/../lib/gcc/../../lib/gcc/x86_64-conda-linux-gnu/10.4.0/include"
ignoring nonexistent directory "/eejit/home/chevu001/miniconda3/envs/BMIwrap/bin/../x86_64-conda-linux-gnu/sysroot/usr/local/include"
ignoring duplicate directory "/eejit/home/chevu001/miniconda3/envs/BMIwrap/bin/../lib/gcc/../../lib/gcc/x86_64-conda-linux-gnu/10.4.0/include-fixed"
ignoring nonexistent directory "/eejit/home/chevu001/miniconda3/envs/BMIwrap/bin/../lib/gcc/../../lib/gcc/x86_64-conda-linux-gnu/10.4.0/../../../../x86_64-conda-linux-gnu/include"
#include "..." search starts here:
#include <...> search starts here:
 /quanta1/home/chevu001/miniconda3/envs/BMIwrap/include
 /eejit/home/chevu001/miniconda3/envs/BMIwrap/bin/../lib/gcc/x86_64-conda-linux-gnu/10.4.0/include
 /eejit/home/chevu001/miniconda3/envs/BMIwrap/bin/../lib/gcc/x86_64-conda-linux-gnu/10.4.0/include-fixed
 /eejit/home/chevu001/miniconda3/envs/BMIwrap/bin/../x86_64-conda-linux-gnu/sysroot/usr/include
End of search list.
GNU C17 (conda-forge gcc 10.4.0-19) version 10.4.0 (x86_64-conda-linux-gnu)
	compiled by GNU C version 10.4.0, GMP version 6.1.0, MPFR version 3.1.6, MPC version 1.0.3, isl version isl-0.18-GMP

GGC heuristics: --param ggc-min-expand=100 --param ggc-min-heapsize=131072
Compiler executable checksum: 261c333cfb634f8a42c0ca2a8624ba40
COMPILER_PATH=/eejit/home/chevu001/miniconda3/envs/BMIwrap/bin/../libexec/gcc/x86_64-conda-linux-gnu/10.4.0/:/eejit/home/chevu001/miniconda3/envs/BMIwrap/bin/../libexec/gcc/:/eejit/home/chevu001/miniconda3/envs/BMIwrap/bin/../lib/gcc/x86_64-conda-linux-gnu/10.4.0/../../../../x86_64-conda-linux-gnu/bin/
LIBRARY_PATH=/eejit/home/chevu001/miniconda3/envs/BMIwrap/bin/../lib/gcc/x86_64-conda-linux-gnu/10.4.0/:/eejit/home/chevu001/miniconda3/envs/BMIwrap/bin/../lib/gcc/:/eejit/home/chevu001/miniconda3/envs/BMIwrap/bin/../lib/gcc/x86_64-conda-linux-gnu/10.4.0/../../../../x86_64-conda-linux-gnu/lib/../lib/:/eejit/home/chevu001/miniconda3/envs/BMIwrap/bin/../lib/gcc/x86_64-conda-linux-gnu/10.4.0/../../../../lib/:/eejit/home/chevu001/miniconda3/envs/BMIwrap/bin/../x86_64-conda-linux-gnu/sysroot/lib/../lib/:/eejit/home/chevu001/miniconda3/envs/BMIwrap/bin/../x86_64-conda-linux-gnu/sysroot/usr/lib/../lib/:/eejit/home/chevu001/miniconda3/envs/BMIwrap/bin/../lib/gcc/x86_64-conda-linux-gnu/10.4.0/../../../../x86_64-conda-linux-gnu/lib/:/eejit/home/chevu001/miniconda3/envs/BMIwrap/bin/../lib/gcc/x86_64-conda-linux-gnu/10.4.0/../../../:/eejit/home/chevu001/miniconda3/envs/BMIwrap/bin/../x86_64-conda-linux-gnu/sysroot/lib/:/eejit/home/chevu001/miniconda3/envs/BMIwrap/bin/../x86_64-conda-linux-gnu/sysroot/usr/lib/
COLLECT_GCC_OPTIONS='-march=nocona' '-mtune=haswell' '-ftree-vectorize' '-fPIC' '-fstack-protector-strong' '-fno-plt' '-O2' '-ffunction-sections' '-pipe' '-isystem' '/quanta1/home/chevu001/miniconda3/envs/BMIwrap/include' '-v' '-o' 'CMakeFiles/cmTC_d6457.dir/CMakeCCompilerABI.c.o' '-c'
Linking C executable cmTC_d6457
/eejit/home/chevu001/miniconda3/envs/BMIwrap/bin/cmake -E cmake_link_script CMakeFiles/cmTC_d6457.dir/link.txt --verbose=1
/quanta1/home/chevu001/miniconda3/envs/BMIwrap/bin/x86_64-conda-linux-gnu-cc -march=nocona -mtune=haswell -ftree-vectorize -fPIC -fstack-protector-strong -fno-plt -O2 -ffunction-sections -pipe -isystem /quanta1/home/chevu001/miniconda3/envs/BMIwrap/include  -Wl,-O2 -Wl,--sort-common -Wl,--as-needed -Wl,-z,relro -Wl,-z,now -Wl,--disable-new-dtags -Wl,--gc-sections -Wl,--allow-shlib-undefined -Wl,-rpath,/quanta1/home/chevu001/miniconda3/envs/BMIwrap/lib -Wl,-rpath-link,/quanta1/home/chevu001/miniconda3/envs/BMIwrap/lib -L/quanta1/home/chevu001/miniconda3/envs/BMIwrap/lib -v -rdynamic CMakeFiles/cmTC_d6457.dir/CMakeCCompilerABI.c.o -o cmTC_d6457 
Reading specs from /eejit/home/chevu001/miniconda3/envs/BMIwrap/bin/../lib/gcc/x86_64-conda-linux-gnu/10.4.0/specs
could not find specs file conda.specs
COLLECT_GCC=/quanta1/home/chevu001/miniconda3/envs/BMIwrap/bin/x86_64-conda-linux-gnu-cc
COLLECT_LTO_WRAPPER=/eejit/home/chevu001/miniconda3/envs/BMIwrap/bin/../libexec/gcc/x86_64-conda-linux-gnu/10.4.0/lto-wrapper
Target: x86_64-conda-linux-gnu
Configured with: ../configure --prefix=/home/conda/feedstock_root/build_artifacts/gcc_compilers_1666516817544/_h_env_placehold_placehold_placehold_placehold_placehold_placehold_placehold_placehold_placehold_placehold_placehold_placehold_placehold_placehold_placehold_placehold_placehold_placeho --with-slibdir=/home/conda/feedstock_root/build_artifacts/gcc_compilers_1666516817544/_h_env_placehold_placehold_placehold_placehold_placehold_placehold_placehold_placehold_placehold_placehold_placehold_placehold_placehold_placehold_placehold_placehold_placehold_placeho/lib --libdir=/home/conda/feedstock_root/build_artifacts/gcc_compilers_1666516817544/_h_env_placehold_placehold_placehold_placehold_placehold_placehold_placehold_placehold_placehold_placehold_placehold_placehold_placehold_placehold_placehold_placehold_placehold_placeho/lib --mandir=/home/conda/feedstock_root/build_artifacts/gcc_compilers_1666516817544/_h_env_placehold_placehold_placehold_placehold_placehold_placehold_placehold_placehold_placehold_placehold_placehold_placehold_placehold_placehold_placehold_placehold_placehold_placeho/man --build=x86_64-conda-linux-gnu --host=x86_64-conda-linux-gnu --target=x86_64-conda-linux-gnu --enable-default-pie --enable-languages=c,c++,fortran,objc,obj-c++ --enable-__cxa_atexit --disable-libmudflap --enable-libgomp --disable-libssp --enable-libquadmath --enable-libquadmath-support --enable-libsanitizer --enable-lto --enable-threads=posix --enable-target-optspace --enable-plugin --enable-gold --disable-nls --disable-bootstrap --disable-multilib --enable-long-long --with-sysroot=/home/conda/feedstock_root/build_artifacts/gcc_compilers_1666516817544/_h_env_placehold_placehold_placehold_placehold_placehold_placehold_placehold_placehold_placehold_placehold_placehold_placehold_placehold_placehold_placehold_placehold_placehold_placeho/x86_64-conda-linux-gnu/sysroot --with-build-sysroot=/home/conda/feedstock_root/build_artifacts/gcc_compilers_1666516817544/_build_env/x86_64-conda-linux-gnu/sysroot --with-gxx-include-dir=/home/conda/feedstock_root/build_artifacts/gcc_compilers_1666516817544/_h_env_placehold_placehold_placehold_placehold_placehold_placehold_placehold_placehold_placehold_placehold_placehold_placehold_placehold_placehold_placehold_placehold_placehold_placeho/x86_64-conda-linux-gnu/include/c++/10.4.0 --with-pkgversion='conda-forge gcc 10.4.0-19' --with-bugurl=https://github.com/conda-forge/ctng-compilers-feedstock/issues/new/choose
Thread model: posix
Supported LTO compression algorithms: zlib
gcc version 10.4.0 (conda-forge gcc 10.4.0-19) 
COMPILER_PATH=/eejit/home/chevu001/miniconda3/envs/BMIwrap/bin/../libexec/gcc/x86_64-conda-linux-gnu/10.4.0/:/eejit/home/chevu001/miniconda3/envs/BMIwrap/bin/../libexec/gcc/:/eejit/home/chevu001/miniconda3/envs/BMIwrap/bin/../lib/gcc/x86_64-conda-linux-gnu/10.4.0/../../../../x86_64-conda-linux-gnu/bin/
LIBRARY_PATH=/eejit/home/chevu001/miniconda3/envs/BMIwrap/bin/../lib/gcc/x86_64-conda-linux-gnu/10.4.0/:/eejit/home/chevu001/miniconda3/envs/BMIwrap/bin/../lib/gcc/:/eejit/home/chevu001/miniconda3/envs/BMIwrap/bin/../lib/gcc/x86_64-conda-linux-gnu/10.4.0/../../../../x86_64-conda-linux-gnu/lib/../lib/:/eejit/home/chevu001/miniconda3/envs/BMIwrap/bin/../lib/gcc/x86_64-conda-linux-gnu/10.4.0/../../../../lib/:/eejit/home/chevu001/miniconda3/envs/BMIwrap/bin/../x86_64-conda-linux-gnu/sysroot/lib/../lib/:/eejit/home/chevu001/miniconda3/envs/BMIwrap/bin/../x86_64-conda-linux-gnu/sysroot/usr/lib/../lib/:/eejit/home/chevu001/miniconda3/envs/BMIwrap/bin/../lib/gcc/x86_64-conda-linux-gnu/10.4.0/../../../../x86_64-conda-linux-gnu/lib/:/eejit/home/chevu001/miniconda3/envs/BMIwrap/bin/../lib/gcc/x86_64-conda-linux-gnu/10.4.0/../../../:/eejit/home/chevu001/miniconda3/envs/BMIwrap/bin/../x86_64-conda-linux-gnu/sysroot/lib/:/eejit/home/chevu001/miniconda3/envs/BMIwrap/bin/../x86_64-conda-linux-gnu/sysroot/usr/lib/
COLLECT_GCC_OPTIONS='-march=nocona' '-mtune=haswell' '-ftree-vectorize' '-fPIC' '-fstack-protector-strong' '-fno-plt' '-O2' '-ffunction-sections' '-pipe' '-isystem' '/quanta1/home/chevu001/miniconda3/envs/BMIwrap/include' '-L/quanta1/home/chevu001/miniconda3/envs/BMIwrap/lib' '-v' '-rdynamic' '-o' 'cmTC_d6457'
 /eejit/home/chevu001/miniconda3/envs/BMIwrap/bin/../libexec/gcc/x86_64-conda-linux-gnu/10.4.0/collect2 -plugin /eejit/home/chevu001/miniconda3/envs/BMIwrap/bin/../libexec/gcc/x86_64-conda-linux-gnu/10.4.0/liblto_plugin.so -plugin-opt=/eejit/home/chevu001/miniconda3/envs/BMIwrap/bin/../libexec/gcc/x86_64-conda-linux-gnu/10.4.0/lto-wrapper -plugin-opt=-fresolution=/tmp/ccMcHhoP.res -plugin-opt=-pass-through=-lgcc -plugin-opt=-pass-through=-lgcc_s -plugin-opt=-pass-through=-lc -plugin-opt=-pass-through=-lgcc -plugin-opt=-pass-through=-lgcc_s --sysroot=/eejit/home/chevu001/miniconda3/envs/BMIwrap/bin/../x86_64-conda-linux-gnu/sysroot --eh-frame-hdr -m elf_x86_64 -export-dynamic -dynamic-linker /lib64/ld-linux-x86-64.so.2 -pie -o cmTC_d6457 /eejit/home/chevu001/miniconda3/envs/BMIwrap/bin/../x86_64-conda-linux-gnu/sysroot/usr/lib/../lib/Scrt1.o /eejit/home/chevu001/miniconda3/envs/BMIwrap/bin/../x86_64-conda-linux-gnu/sysroot/usr/lib/../lib/crti.o /eejit/home/chevu001/miniconda3/envs/BMIwrap/bin/../lib/gcc/x86_64-conda-linux-gnu/10.4.0/crtbeginS.o -L/quanta1/home/chevu001/miniconda3/envs/BMIwrap/lib -L/eejit/home/chevu001/miniconda3/envs/BMIwrap/bin/../lib/gcc/x86_64-conda-linux-gnu/10.4.0 -L/eejit/home/chevu001/miniconda3/envs/BMIwrap/bin/../lib/gcc -L/eejit/home/chevu001/miniconda3/envs/BMIwrap/bin/../lib/gcc/x86_64-conda-linux-gnu/10.4.0/../../../../x86_64-conda-linux-gnu/lib/../lib -L/eejit/home/chevu001/miniconda3/envs/BMIwrap/bin/../lib/gcc/x86_64-conda-linux-gnu/10.4.0/../../../../lib -L/eejit/home/chevu001/miniconda3/envs/BMIwrap/bin/../x86_64-conda-linux-gnu/sysroot/lib/../lib -L/eejit/home/chevu001/miniconda3/envs/BMIwrap/bin/../x86_64-conda-linux-gnu/sysroot/usr/lib/../lib -L/eejit/home/chevu001/miniconda3/envs/BMIwrap/bin/../lib/gcc/x86_64-conda-linux-gnu/10.4.0/../../../../x86_64-conda-linux-gnu/lib -L/eejit/home/chevu001/miniconda3/envs/BMIwrap/bin/../lib/gcc/x86_64-conda-linux-gnu/10.4.0/../../.. -L/eejit/home/chevu001/miniconda3/envs/BMIwrap/bin/../x86_64-conda-linux-gnu/sysroot/lib -L/eejit/home/chevu001/miniconda3/envs/BMIwrap/bin/../x86_64-conda-linux-gnu/sysroot/usr/lib -O2 --sort-common --as-needed -z relro -z now --disable-new-dtags --gc-sections --allow-shlib-undefined -rpath /quanta1/home/chevu001/miniconda3/envs/BMIwrap/lib -rpath-link /quanta1/home/chevu001/miniconda3/envs/BMIwrap/lib CMakeFiles/cmTC_d6457.dir/CMakeCCompilerABI.c.o -lgcc --push-state --as-needed -lgcc_s --pop-state -lc -lgcc --push-state --as-needed -lgcc_s --pop-state /eejit/home/chevu001/miniconda3/envs/BMIwrap/bin/../lib/gcc/x86_64-conda-linux-gnu/10.4.0/crtendS.o /eejit/home/chevu001/miniconda3/envs/BMIwrap/bin/../x86_64-conda-linux-gnu/sysroot/usr/lib/../lib/crtn.o -rpath /quanta1/home/chevu001/miniconda3/envs/BMIwrap/lib
COLLECT_GCC_OPTIONS='-march=nocona' '-mtune=haswell' '-ftree-vectorize' '-fPIC' '-fstack-protector-strong' '-fno-plt' '-O2' '-ffunction-sections' '-pipe' '-isystem' '/quanta1/home/chevu001/miniconda3/envs/BMIwrap/include' '-L/quanta1/home/chevu001/miniconda3/envs/BMIwrap/lib' '-v' '-rdynamic' '-o' 'cmTC_d6457'
gmake[1]: Leaving directory `/eejit/home/chevu001/PCR-WOFOST/TW/Maggy/WOFOSTBMI_Maggy/_build/CMakeFiles/CMakeTmp'



Parsed C implicit include dir info from above output: rv=done
  found start of include info
  found start of implicit include info
    add: [/quanta1/home/chevu001/miniconda3/envs/BMIwrap/include]
    add: [/eejit/home/chevu001/miniconda3/envs/BMIwrap/bin/../lib/gcc/x86_64-conda-linux-gnu/10.4.0/include]
    add: [/eejit/home/chevu001/miniconda3/envs/BMIwrap/bin/../lib/gcc/x86_64-conda-linux-gnu/10.4.0/include-fixed]
    add: [/eejit/home/chevu001/miniconda3/envs/BMIwrap/bin/../x86_64-conda-linux-gnu/sysroot/usr/include]
  end of search list found
  collapse include dir [/quanta1/home/chevu001/miniconda3/envs/BMIwrap/include] ==> [/quanta1/home/chevu001/miniconda3/envs/BMIwrap/include]
  collapse include dir [/eejit/home/chevu001/miniconda3/envs/BMIwrap/bin/../lib/gcc/x86_64-conda-linux-gnu/10.4.0/include] ==> [/eejit/home/chevu001/miniconda3/envs/BMIwrap/lib/gcc/x86_64-conda-linux-gnu/10.4.0/include]
  collapse include dir [/eejit/home/chevu001/miniconda3/envs/BMIwrap/bin/../lib/gcc/x86_64-conda-linux-gnu/10.4.0/include-fixed] ==> [/eejit/home/chevu001/miniconda3/envs/BMIwrap/lib/gcc/x86_64-conda-linux-gnu/10.4.0/include-fixed]
  collapse include dir [/eejit/home/chevu001/miniconda3/envs/BMIwrap/bin/../x86_64-conda-linux-gnu/sysroot/usr/include] ==> [/eejit/home/chevu001/miniconda3/envs/BMIwrap/x86_64-conda-linux-gnu/sysroot/usr/include]
  implicit include dirs: [/quanta1/home/chevu001/miniconda3/envs/BMIwrap/include;/eejit/home/chevu001/miniconda3/envs/BMIwrap/lib/gcc/x86_64-conda-linux-gnu/10.4.0/include;/eejit/home/chevu001/miniconda3/envs/BMIwrap/lib/gcc/x86_64-conda-linux-gnu/10.4.0/include-fixed;/eejit/home/chevu001/miniconda3/envs/BMIwrap/x86_64-conda-linux-gnu/sysroot/usr/include]


Parsed C implicit link information from above output:
  link line regex: [^( *|.*[/\])(x86_64-conda-linux-gnu-ld|CMAKE_LINK_STARTFILE-NOTFOUND|([^/\]+-)?ld|collect2)[^/\]*( |$)]
  ignore line: [Change Dir: /eejit/home/chevu001/PCR-WOFOST/TW/Maggy/WOFOSTBMI_Maggy/_build/CMakeFiles/CMakeTmp]
  ignore line: []
  ignore line: [Run Build Command(s):/usr/bin/gmake -f Makefile cmTC_d6457/fast && /usr/bin/gmake  -f CMakeFiles/cmTC_d6457.dir/build.make CMakeFiles/cmTC_d6457.dir/build]
  ignore line: [gmake[1]: Entering directory `/eejit/home/chevu001/PCR-WOFOST/TW/Maggy/WOFOSTBMI_Maggy/_build/CMakeFiles/CMakeTmp']
  ignore line: [Building C object CMakeFiles/cmTC_d6457.dir/CMakeCCompilerABI.c.o]
  ignore line: [/quanta1/home/chevu001/miniconda3/envs/BMIwrap/bin/x86_64-conda-linux-gnu-cc   -march=nocona -mtune=haswell -ftree-vectorize -fPIC -fstack-protector-strong -fno-plt -O2 -ffunction-sections -pipe -isystem /quanta1/home/chevu001/miniconda3/envs/BMIwrap/include    -v -o CMakeFiles/cmTC_d6457.dir/CMakeCCompilerABI.c.o -c /eejit/home/chevu001/miniconda3/envs/BMIwrap/share/cmake-3.24/Modules/CMakeCCompilerABI.c]
  ignore line: [Reading specs from /eejit/home/chevu001/miniconda3/envs/BMIwrap/bin/../lib/gcc/x86_64-conda-linux-gnu/10.4.0/specs]
  ignore line: [could not find specs file conda.specs]
  ignore line: [COLLECT_GCC=/quanta1/home/chevu001/miniconda3/envs/BMIwrap/bin/x86_64-conda-linux-gnu-cc]
  ignore line: [Target: x86_64-conda-linux-gnu]
  ignore line: [Configured with: ../configure --prefix=/home/conda/feedstock_root/build_artifacts/gcc_compilers_1666516817544/_h_env_placehold_placehold_placehold_placehold_placehold_placehold_placehold_placehold_placehold_placehold_placehold_placehold_placehold_placehold_placehold_placehold_placehold_placeho --with-slibdir=/home/conda/feedstock_root/build_artifacts/gcc_compilers_1666516817544/_h_env_placehold_placehold_placehold_placehold_placehold_placehold_placehold_placehold_placehold_placehold_placehold_placehold_placehold_placehold_placehold_placehold_placehold_placeho/lib --libdir=/home/conda/feedstock_root/build_artifacts/gcc_compilers_1666516817544/_h_env_placehold_placehold_placehold_placehold_placehold_placehold_placehold_placehold_placehold_placehold_placehold_placehold_placehold_placehold_placehold_placehold_placehold_placeho/lib --mandir=/home/conda/feedstock_root/build_artifacts/gcc_compilers_1666516817544/_h_env_placehold_placehold_placehold_placehold_placehold_placehold_placehold_placehold_placehold_placehold_placehold_placehold_placehold_placehold_placehold_placehold_placehold_placeho/man --build=x86_64-conda-linux-gnu --host=x86_64-conda-linux-gnu --target=x86_64-conda-linux-gnu --enable-default-pie --enable-languages=c c++ fortran objc obj-c++ --enable-__cxa_atexit --disable-libmudflap --enable-libgomp --disable-libssp --enable-libquadmath --enable-libquadmath-support --enable-libsanitizer --enable-lto --enable-threads=posix --enable-target-optspace --enable-plugin --enable-gold --disable-nls --disable-bootstrap --disable-multilib --enable-long-long --with-sysroot=/home/conda/feedstock_root/build_artifacts/gcc_compilers_1666516817544/_h_env_placehold_placehold_placehold_placehold_placehold_placehold_placehold_placehold_placehold_placehold_placehold_placehold_placehold_placehold_placehold_placehold_placehold_placeho/x86_64-conda-linux-gnu/sysroot --with-build-sysroot=/home/conda/feedstock_root/build_artifacts/gcc_compilers_1666516817544/_build_env/x86_64-conda-linux-gnu/sysroot --with-gxx-include-dir=/home/conda/feedstock_root/build_artifacts/gcc_compilers_1666516817544/_h_env_placehold_placehold_placehold_placehold_placehold_placehold_placehold_placehold_placehold_placehold_placehold_placehold_placehold_placehold_placehold_placehold_placehold_placeho/x86_64-conda-linux-gnu/include/c++/10.4.0 --with-pkgversion='conda-forge gcc 10.4.0-19' --with-bugurl=https://github.com/conda-forge/ctng-compilers-feedstock/issues/new/choose]
  ignore line: [Thread model: posix]
  ignore line: [Supported LTO compression algorithms: zlib]
  ignore line: [gcc version 10.4.0 (conda-forge gcc 10.4.0-19) ]
  ignore line: [COLLECT_GCC_OPTIONS='-march=nocona' '-mtune=haswell' '-ftree-vectorize' '-fPIC' '-fstack-protector-strong' '-fno-plt' '-O2' '-ffunction-sections' '-pipe' '-isystem' '/quanta1/home/chevu001/miniconda3/envs/BMIwrap/include' '-v' '-o' 'CMakeFiles/cmTC_d6457.dir/CMakeCCompilerABI.c.o' '-c']
  ignore line: [ /eejit/home/chevu001/miniconda3/envs/BMIwrap/bin/../libexec/gcc/x86_64-conda-linux-gnu/10.4.0/cc1 -quiet -v -iprefix /eejit/home/chevu001/miniconda3/envs/BMIwrap/bin/../lib/gcc/x86_64-conda-linux-gnu/10.4.0/ -isysroot /eejit/home/chevu001/miniconda3/envs/BMIwrap/bin/../x86_64-conda-linux-gnu/sysroot -isystem /quanta1/home/chevu001/miniconda3/envs/BMIwrap/include /eejit/home/chevu001/miniconda3/envs/BMIwrap/share/cmake-3.24/Modules/CMakeCCompilerABI.c -quiet -dumpbase CMakeCCompilerABI.c -march=nocona -mtune=haswell -auxbase-strip CMakeFiles/cmTC_d6457.dir/CMakeCCompilerABI.c.o -O2 -version -ftree-vectorize -fPIC -fstack-protector-strong -fno-plt -ffunction-sections -o - |]
  ignore line: [ /eejit/home/chevu001/miniconda3/envs/BMIwrap/bin/../lib/gcc/x86_64-conda-linux-gnu/10.4.0/../../../../x86_64-conda-linux-gnu/bin/as -v --64 -o CMakeFiles/cmTC_d6457.dir/CMakeCCompilerABI.c.o]
  ignore line: [GNU C17 (conda-forge gcc 10.4.0-19) version 10.4.0 (x86_64-conda-linux-gnu)]
  ignore line: [	compiled by GNU C version 10.4.0  GNU assembler version 2.39 (x86_64-conda-linux-gnu) using BFD version (GNU Binutils) 2.39]
  ignore line: [GMP version 6.1.0  MPFR version 3.1.6  MPC version 1.0.3  isl version isl-0.18-GMP]
  ignore line: []
  ignore line: [GGC heuristics: --param ggc-min-expand=100 --param ggc-min-heapsize=131072]
  ignore line: [ignoring nonexistent directory "/eejit/home/chevu001/miniconda3/envs/BMIwrap/bin/../lib/gcc/x86_64-conda-linux-gnu/10.4.0/../../../../x86_64-conda-linux-gnu/include"]
  ignore line: [ignoring duplicate directory "/eejit/home/chevu001/miniconda3/envs/BMIwrap/bin/../lib/gcc/../../lib/gcc/x86_64-conda-linux-gnu/10.4.0/include"]
  ignore line: [ignoring nonexistent directory "/eejit/home/chevu001/miniconda3/envs/BMIwrap/bin/../x86_64-conda-linux-gnu/sysroot/usr/local/include"]
  ignore line: [ignoring duplicate directory "/eejit/home/chevu001/miniconda3/envs/BMIwrap/bin/../lib/gcc/../../lib/gcc/x86_64-conda-linux-gnu/10.4.0/include-fixed"]
  ignore line: [ignoring nonexistent directory "/eejit/home/chevu001/miniconda3/envs/BMIwrap/bin/../lib/gcc/../../lib/gcc/x86_64-conda-linux-gnu/10.4.0/../../../../x86_64-conda-linux-gnu/include"]
  ignore line: [#include "..." search starts here:]
  ignore line: [#include <...> search starts here:]
  ignore line: [ /quanta1/home/chevu001/miniconda3/envs/BMIwrap/include]
  ignore line: [ /eejit/home/chevu001/miniconda3/envs/BMIwrap/bin/../lib/gcc/x86_64-conda-linux-gnu/10.4.0/include]
  ignore line: [ /eejit/home/chevu001/miniconda3/envs/BMIwrap/bin/../lib/gcc/x86_64-conda-linux-gnu/10.4.0/include-fixed]
  ignore line: [ /eejit/home/chevu001/miniconda3/envs/BMIwrap/bin/../x86_64-conda-linux-gnu/sysroot/usr/include]
  ignore line: [End of search list.]
  ignore line: [GNU C17 (conda-forge gcc 10.4.0-19) version 10.4.0 (x86_64-conda-linux-gnu)]
  ignore line: [	compiled by GNU C version 10.4.0  GMP version 6.1.0  MPFR version 3.1.6  MPC version 1.0.3  isl version isl-0.18-GMP]
  ignore line: []
  ignore line: [GGC heuristics: --param ggc-min-expand=100 --param ggc-min-heapsize=131072]
  ignore line: [Compiler executable checksum: 261c333cfb634f8a42c0ca2a8624ba40]
  ignore line: [COMPILER_PATH=/eejit/home/chevu001/miniconda3/envs/BMIwrap/bin/../libexec/gcc/x86_64-conda-linux-gnu/10.4.0/:/eejit/home/chevu001/miniconda3/envs/BMIwrap/bin/../libexec/gcc/:/eejit/home/chevu001/miniconda3/envs/BMIwrap/bin/../lib/gcc/x86_64-conda-linux-gnu/10.4.0/../../../../x86_64-conda-linux-gnu/bin/]
  ignore line: [LIBRARY_PATH=/eejit/home/chevu001/miniconda3/envs/BMIwrap/bin/../lib/gcc/x86_64-conda-linux-gnu/10.4.0/:/eejit/home/chevu001/miniconda3/envs/BMIwrap/bin/../lib/gcc/:/eejit/home/chevu001/miniconda3/envs/BMIwrap/bin/../lib/gcc/x86_64-conda-linux-gnu/10.4.0/../../../../x86_64-conda-linux-gnu/lib/../lib/:/eejit/home/chevu001/miniconda3/envs/BMIwrap/bin/../lib/gcc/x86_64-conda-linux-gnu/10.4.0/../../../../lib/:/eejit/home/chevu001/miniconda3/envs/BMIwrap/bin/../x86_64-conda-linux-gnu/sysroot/lib/../lib/:/eejit/home/chevu001/miniconda3/envs/BMIwrap/bin/../x86_64-conda-linux-gnu/sysroot/usr/lib/../lib/:/eejit/home/chevu001/miniconda3/envs/BMIwrap/bin/../lib/gcc/x86_64-conda-linux-gnu/10.4.0/../../../../x86_64-conda-linux-gnu/lib/:/eejit/home/chevu001/miniconda3/envs/BMIwrap/bin/../lib/gcc/x86_64-conda-linux-gnu/10.4.0/../../../:/eejit/home/chevu001/miniconda3/envs/BMIwrap/bin/../x86_64-conda-linux-gnu/sysroot/lib/:/eejit/home/chevu001/miniconda3/envs/BMIwrap/bin/../x86_64-conda-linux-gnu/sysroot/usr/lib/]
  ignore line: [COLLECT_GCC_OPTIONS='-march=nocona' '-mtune=haswell' '-ftree-vectorize' '-fPIC' '-fstack-protector-strong' '-fno-plt' '-O2' '-ffunction-sections' '-pipe' '-isystem' '/quanta1/home/chevu001/miniconda3/envs/BMIwrap/include' '-v' '-o' 'CMakeFiles/cmTC_d6457.dir/CMakeCCompilerABI.c.o' '-c']
  ignore line: [Linking C executable cmTC_d6457]
  ignore line: [/eejit/home/chevu001/miniconda3/envs/BMIwrap/bin/cmake -E cmake_link_script CMakeFiles/cmTC_d6457.dir/link.txt --verbose=1]
  ignore line: [/quanta1/home/chevu001/miniconda3/envs/BMIwrap/bin/x86_64-conda-linux-gnu-cc -march=nocona -mtune=haswell -ftree-vectorize -fPIC -fstack-protector-strong -fno-plt -O2 -ffunction-sections -pipe -isystem /quanta1/home/chevu001/miniconda3/envs/BMIwrap/include  -Wl -O2 -Wl --sort-common -Wl --as-needed -Wl -z relro -Wl -z now -Wl --disable-new-dtags -Wl --gc-sections -Wl --allow-shlib-undefined -Wl -rpath /quanta1/home/chevu001/miniconda3/envs/BMIwrap/lib -Wl -rpath-link /quanta1/home/chevu001/miniconda3/envs/BMIwrap/lib -L/quanta1/home/chevu001/miniconda3/envs/BMIwrap/lib -v -rdynamic CMakeFiles/cmTC_d6457.dir/CMakeCCompilerABI.c.o -o cmTC_d6457 ]
  ignore line: [Reading specs from /eejit/home/chevu001/miniconda3/envs/BMIwrap/bin/../lib/gcc/x86_64-conda-linux-gnu/10.4.0/specs]
  ignore line: [could not find specs file conda.specs]
  ignore line: [COLLECT_GCC=/quanta1/home/chevu001/miniconda3/envs/BMIwrap/bin/x86_64-conda-linux-gnu-cc]
  ignore line: [COLLECT_LTO_WRAPPER=/eejit/home/chevu001/miniconda3/envs/BMIwrap/bin/../libexec/gcc/x86_64-conda-linux-gnu/10.4.0/lto-wrapper]
  ignore line: [Target: x86_64-conda-linux-gnu]
  ignore line: [Configured with: ../configure --prefix=/home/conda/feedstock_root/build_artifacts/gcc_compilers_1666516817544/_h_env_placehold_placehold_placehold_placehold_placehold_placehold_placehold_placehold_placehold_placehold_placehold_placehold_placehold_placehold_placehold_placehold_placehold_placeho --with-slibdir=/home/conda/feedstock_root/build_artifacts/gcc_compilers_1666516817544/_h_env_placehold_placehold_placehold_placehold_placehold_placehold_placehold_placehold_placehold_placehold_placehold_placehold_placehold_placehold_placehold_placehold_placehold_placeho/lib --libdir=/home/conda/feedstock_root/build_artifacts/gcc_compilers_1666516817544/_h_env_placehold_placehold_placehold_placehold_placehold_placehold_placehold_placehold_placehold_placehold_placehold_placehold_placehold_placehold_placehold_placehold_placehold_placeho/lib --mandir=/home/conda/feedstock_root/build_artifacts/gcc_compilers_1666516817544/_h_env_placehold_placehold_placehold_placehold_placehold_placehold_placehold_placehold_placehold_placehold_placehold_placehold_placehold_placehold_placehold_placehold_placehold_placeho/man --build=x86_64-conda-linux-gnu --host=x86_64-conda-linux-gnu --target=x86_64-conda-linux-gnu --enable-default-pie --enable-languages=c c++ fortran objc obj-c++ --enable-__cxa_atexit --disable-libmudflap --enable-libgomp --disable-libssp --enable-libquadmath --enable-libquadmath-support --enable-libsanitizer --enable-lto --enable-threads=posix --enable-target-optspace --enable-plugin --enable-gold --disable-nls --disable-bootstrap --disable-multilib --enable-long-long --with-sysroot=/home/conda/feedstock_root/build_artifacts/gcc_compilers_1666516817544/_h_env_placehold_placehold_placehold_placehold_placehold_placehold_placehold_placehold_placehold_placehold_placehold_placehold_placehold_placehold_placehold_placehold_placehold_placeho/x86_64-conda-linux-gnu/sysroot --with-build-sysroot=/home/conda/feedstock_root/build_artifacts/gcc_compilers_1666516817544/_build_env/x86_64-conda-linux-gnu/sysroot --with-gxx-include-dir=/home/conda/feedstock_root/build_artifacts/gcc_compilers_1666516817544/_h_env_placehold_placehold_placehold_placehold_placehold_placehold_placehold_placehold_placehold_placehold_placehold_placehold_placehold_placehold_placehold_placehold_placehold_placeho/x86_64-conda-linux-gnu/include/c++/10.4.0 --with-pkgversion='conda-forge gcc 10.4.0-19' --with-bugurl=https://github.com/conda-forge/ctng-compilers-feedstock/issues/new/choose]
  ignore line: [Thread model: posix]
  ignore line: [Supported LTO compression algorithms: zlib]
  ignore line: [gcc version 10.4.0 (conda-forge gcc 10.4.0-19) ]
  ignore line: [COMPILER_PATH=/eejit/home/chevu001/miniconda3/envs/BMIwrap/bin/../libexec/gcc/x86_64-conda-linux-gnu/10.4.0/:/eejit/home/chevu001/miniconda3/envs/BMIwrap/bin/../libexec/gcc/:/eejit/home/chevu001/miniconda3/envs/BMIwrap/bin/../lib/gcc/x86_64-conda-linux-gnu/10.4.0/../../../../x86_64-conda-linux-gnu/bin/]
  ignore line: [LIBRARY_PATH=/eejit/home/chevu001/miniconda3/envs/BMIwrap/bin/../lib/gcc/x86_64-conda-linux-gnu/10.4.0/:/eejit/home/chevu001/miniconda3/envs/BMIwrap/bin/../lib/gcc/:/eejit/home/chevu001/miniconda3/envs/BMIwrap/bin/../lib/gcc/x86_64-conda-linux-gnu/10.4.0/../../../../x86_64-conda-linux-gnu/lib/../lib/:/eejit/home/chevu001/miniconda3/envs/BMIwrap/bin/../lib/gcc/x86_64-conda-linux-gnu/10.4.0/../../../../lib/:/eejit/home/chevu001/miniconda3/envs/BMIwrap/bin/../x86_64-conda-linux-gnu/sysroot/lib/../lib/:/eejit/home/chevu001/miniconda3/envs/BMIwrap/bin/../x86_64-conda-linux-gnu/sysroot/usr/lib/../lib/:/eejit/home/chevu001/miniconda3/envs/BMIwrap/bin/../lib/gcc/x86_64-conda-linux-gnu/10.4.0/../../../../x86_64-conda-linux-gnu/lib/:/eejit/home/chevu001/miniconda3/envs/BMIwrap/bin/../lib/gcc/x86_64-conda-linux-gnu/10.4.0/../../../:/eejit/home/chevu001/miniconda3/envs/BMIwrap/bin/../x86_64-conda-linux-gnu/sysroot/lib/:/eejit/home/chevu001/miniconda3/envs/BMIwrap/bin/../x86_64-conda-linux-gnu/sysroot/usr/lib/]
  ignore line: [COLLECT_GCC_OPTIONS='-march=nocona' '-mtune=haswell' '-ftree-vectorize' '-fPIC' '-fstack-protector-strong' '-fno-plt' '-O2' '-ffunction-sections' '-pipe' '-isystem' '/quanta1/home/chevu001/miniconda3/envs/BMIwrap/include' '-L/quanta1/home/chevu001/miniconda3/envs/BMIwrap/lib' '-v' '-rdynamic' '-o' 'cmTC_d6457']
  link line: [ /eejit/home/chevu001/miniconda3/envs/BMIwrap/bin/../libexec/gcc/x86_64-conda-linux-gnu/10.4.0/collect2 -plugin /eejit/home/chevu001/miniconda3/envs/BMIwrap/bin/../libexec/gcc/x86_64-conda-linux-gnu/10.4.0/liblto_plugin.so -plugin-opt=/eejit/home/chevu001/miniconda3/envs/BMIwrap/bin/../libexec/gcc/x86_64-conda-linux-gnu/10.4.0/lto-wrapper -plugin-opt=-fresolution=/tmp/ccMcHhoP.res -plugin-opt=-pass-through=-lgcc -plugin-opt=-pass-through=-lgcc_s -plugin-opt=-pass-through=-lc -plugin-opt=-pass-through=-lgcc -plugin-opt=-pass-through=-lgcc_s --sysroot=/eejit/home/chevu001/miniconda3/envs/BMIwrap/bin/../x86_64-conda-linux-gnu/sysroot --eh-frame-hdr -m elf_x86_64 -export-dynamic -dynamic-linker /lib64/ld-linux-x86-64.so.2 -pie -o cmTC_d6457 /eejit/home/chevu001/miniconda3/envs/BMIwrap/bin/../x86_64-conda-linux-gnu/sysroot/usr/lib/../lib/Scrt1.o /eejit/home/chevu001/miniconda3/envs/BMIwrap/bin/../x86_64-conda-linux-gnu/sysroot/usr/lib/../lib/crti.o /eejit/home/chevu001/miniconda3/envs/BMIwrap/bin/../lib/gcc/x86_64-conda-linux-gnu/10.4.0/crtbeginS.o -L/quanta1/home/chevu001/miniconda3/envs/BMIwrap/lib -L/eejit/home/chevu001/miniconda3/envs/BMIwrap/bin/../lib/gcc/x86_64-conda-linux-gnu/10.4.0 -L/eejit/home/chevu001/miniconda3/envs/BMIwrap/bin/../lib/gcc -L/eejit/home/chevu001/miniconda3/envs/BMIwrap/bin/../lib/gcc/x86_64-conda-linux-gnu/10.4.0/../../../../x86_64-conda-linux-gnu/lib/../lib -L/eejit/home/chevu001/miniconda3/envs/BMIwrap/bin/../lib/gcc/x86_64-conda-linux-gnu/10.4.0/../../../../lib -L/eejit/home/chevu001/miniconda3/envs/BMIwrap/bin/../x86_64-conda-linux-gnu/sysroot/lib/../lib -L/eejit/home/chevu001/miniconda3/envs/BMIwrap/bin/../x86_64-conda-linux-gnu/sysroot/usr/lib/../lib -L/eejit/home/chevu001/miniconda3/envs/BMIwrap/bin/../lib/gcc/x86_64-conda-linux-gnu/10.4.0/../../../../x86_64-conda-linux-gnu/lib -L/eejit/home/chevu001/miniconda3/envs/BMIwrap/bin/../lib/gcc/x86_64-conda-linux-gnu/10.4.0/../../.. -L/eejit/home/chevu001/miniconda3/envs/BMIwrap/bin/../x86_64-conda-linux-gnu/sysroot/lib -L/eejit/home/chevu001/miniconda3/envs/BMIwrap/bin/../x86_64-conda-linux-gnu/sysroot/usr/lib -O2 --sort-common --as-needed -z relro -z now --disable-new-dtags --gc-sections --allow-shlib-undefined -rpath /quanta1/home/chevu001/miniconda3/envs/BMIwrap/lib -rpath-link /quanta1/home/chevu001/miniconda3/envs/BMIwrap/lib CMakeFiles/cmTC_d6457.dir/CMakeCCompilerABI.c.o -lgcc --push-state --as-needed -lgcc_s --pop-state -lc -lgcc --push-state --as-needed -lgcc_s --pop-state /eejit/home/chevu001/miniconda3/envs/BMIwrap/bin/../lib/gcc/x86_64-conda-linux-gnu/10.4.0/crtendS.o /eejit/home/chevu001/miniconda3/envs/BMIwrap/bin/../x86_64-conda-linux-gnu/sysroot/usr/lib/../lib/crtn.o -rpath /quanta1/home/chevu001/miniconda3/envs/BMIwrap/lib]
    arg [/eejit/home/chevu001/miniconda3/envs/BMIwrap/bin/../libexec/gcc/x86_64-conda-linux-gnu/10.4.0/collect2] ==> ignore
    arg [-plugin] ==> ignore
    arg [/eejit/home/chevu001/miniconda3/envs/BMIwrap/bin/../libexec/gcc/x86_64-conda-linux-gnu/10.4.0/liblto_plugin.so] ==> ignore
    arg [-plugin-opt=/eejit/home/chevu001/miniconda3/envs/BMIwrap/bin/../libexec/gcc/x86_64-conda-linux-gnu/10.4.0/lto-wrapper] ==> ignore
    arg [-plugin-opt=-fresolution=/tmp/ccMcHhoP.res] ==> ignore
    arg [-plugin-opt=-pass-through=-lgcc] ==> ignore
    arg [-plugin-opt=-pass-through=-lgcc_s] ==> ignore
    arg [-plugin-opt=-pass-through=-lc] ==> ignore
    arg [-plugin-opt=-pass-through=-lgcc] ==> ignore
    arg [-plugin-opt=-pass-through=-lgcc_s] ==> ignore
    arg [--sysroot=/eejit/home/chevu001/miniconda3/envs/BMIwrap/bin/../x86_64-conda-linux-gnu/sysroot] ==> ignore
    arg [--eh-frame-hdr] ==> ignore
    arg [-m] ==> ignore
    arg [elf_x86_64] ==> ignore
    arg [-export-dynamic] ==> ignore
    arg [-dynamic-linker] ==> ignore
    arg [/lib64/ld-linux-x86-64.so.2] ==> ignore
    arg [-pie] ==> ignore
    arg [-o] ==> ignore
    arg [cmTC_d6457] ==> ignore
    arg [/eejit/home/chevu001/miniconda3/envs/BMIwrap/bin/../x86_64-conda-linux-gnu/sysroot/usr/lib/../lib/Scrt1.o] ==> obj [/eejit/home/chevu001/miniconda3/envs/BMIwrap/bin/../x86_64-conda-linux-gnu/sysroot/usr/lib/../lib/Scrt1.o]
    arg [/eejit/home/chevu001/miniconda3/envs/BMIwrap/bin/../x86_64-conda-linux-gnu/sysroot/usr/lib/../lib/crti.o] ==> obj [/eejit/home/chevu001/miniconda3/envs/BMIwrap/bin/../x86_64-conda-linux-gnu/sysroot/usr/lib/../lib/crti.o]
    arg [/eejit/home/chevu001/miniconda3/envs/BMIwrap/bin/../lib/gcc/x86_64-conda-linux-gnu/10.4.0/crtbeginS.o] ==> obj [/eejit/home/chevu001/miniconda3/envs/BMIwrap/bin/../lib/gcc/x86_64-conda-linux-gnu/10.4.0/crtbeginS.o]
    arg [-L/quanta1/home/chevu001/miniconda3/envs/BMIwrap/lib] ==> dir [/quanta1/home/chevu001/miniconda3/envs/BMIwrap/lib]
    arg [-L/eejit/home/chevu001/miniconda3/envs/BMIwrap/bin/../lib/gcc/x86_64-conda-linux-gnu/10.4.0] ==> dir [/eejit/home/chevu001/miniconda3/envs/BMIwrap/bin/../lib/gcc/x86_64-conda-linux-gnu/10.4.0]
    arg [-L/eejit/home/chevu001/miniconda3/envs/BMIwrap/bin/../lib/gcc] ==> dir [/eejit/home/chevu001/miniconda3/envs/BMIwrap/bin/../lib/gcc]
    arg [-L/eejit/home/chevu001/miniconda3/envs/BMIwrap/bin/../lib/gcc/x86_64-conda-linux-gnu/10.4.0/../../../../x86_64-conda-linux-gnu/lib/../lib] ==> dir [/eejit/home/chevu001/miniconda3/envs/BMIwrap/bin/../lib/gcc/x86_64-conda-linux-gnu/10.4.0/../../../../x86_64-conda-linux-gnu/lib/../lib]
    arg [-L/eejit/home/chevu001/miniconda3/envs/BMIwrap/bin/../lib/gcc/x86_64-conda-linux-gnu/10.4.0/../../../../lib] ==> dir [/eejit/home/chevu001/miniconda3/envs/BMIwrap/bin/../lib/gcc/x86_64-conda-linux-gnu/10.4.0/../../../../lib]
    arg [-L/eejit/home/chevu001/miniconda3/envs/BMIwrap/bin/../x86_64-conda-linux-gnu/sysroot/lib/../lib] ==> dir [/eejit/home/chevu001/miniconda3/envs/BMIwrap/bin/../x86_64-conda-linux-gnu/sysroot/lib/../lib]
    arg [-L/eejit/home/chevu001/miniconda3/envs/BMIwrap/bin/../x86_64-conda-linux-gnu/sysroot/usr/lib/../lib] ==> dir [/eejit/home/chevu001/miniconda3/envs/BMIwrap/bin/../x86_64-conda-linux-gnu/sysroot/usr/lib/../lib]
    arg [-L/eejit/home/chevu001/miniconda3/envs/BMIwrap/bin/../lib/gcc/x86_64-conda-linux-gnu/10.4.0/../../../../x86_64-conda-linux-gnu/lib] ==> dir [/eejit/home/chevu001/miniconda3/envs/BMIwrap/bin/../lib/gcc/x86_64-conda-linux-gnu/10.4.0/../../../../x86_64-conda-linux-gnu/lib]
    arg [-L/eejit/home/chevu001/miniconda3/envs/BMIwrap/bin/../lib/gcc/x86_64-conda-linux-gnu/10.4.0/../../..] ==> dir [/eejit/home/chevu001/miniconda3/envs/BMIwrap/bin/../lib/gcc/x86_64-conda-linux-gnu/10.4.0/../../..]
    arg [-L/eejit/home/chevu001/miniconda3/envs/BMIwrap/bin/../x86_64-conda-linux-gnu/sysroot/lib] ==> dir [/eejit/home/chevu001/miniconda3/envs/BMIwrap/bin/../x86_64-conda-linux-gnu/sysroot/lib]
    arg [-L/eejit/home/chevu001/miniconda3/envs/BMIwrap/bin/../x86_64-conda-linux-gnu/sysroot/usr/lib] ==> dir [/eejit/home/chevu001/miniconda3/envs/BMIwrap/bin/../x86_64-conda-linux-gnu/sysroot/usr/lib]
    arg [-O2] ==> ignore
    arg [--sort-common] ==> ignore
    arg [--as-needed] ==> ignore
    arg [-zrelro] ==> ignore
    arg [-znow] ==> ignore
    arg [--disable-new-dtags] ==> ignore
    arg [--gc-sections] ==> ignore
    arg [--allow-shlib-undefined] ==> ignore
    arg [-rpath] ==> ignore
    arg [/quanta1/home/chevu001/miniconda3/envs/BMIwrap/lib] ==> ignore
    arg [-rpath-link] ==> ignore
    arg [/quanta1/home/chevu001/miniconda3/envs/BMIwrap/lib] ==> ignore
    arg [CMakeFiles/cmTC_d6457.dir/CMakeCCompilerABI.c.o] ==> ignore
    arg [-lgcc] ==> lib [gcc]
    arg [--push-state] ==> ignore
    arg [--as-needed] ==> ignore
    arg [-lgcc_s] ==> lib [gcc_s]
    arg [--pop-state] ==> ignore
    arg [-lc] ==> lib [c]
    arg [-lgcc] ==> lib [gcc]
    arg [--push-state] ==> ignore
    arg [--as-needed] ==> ignore
    arg [-lgcc_s] ==> lib [gcc_s]
    arg [--pop-state] ==> ignore
    arg [/eejit/home/chevu001/miniconda3/envs/BMIwrap/bin/../lib/gcc/x86_64-conda-linux-gnu/10.4.0/crtendS.o] ==> obj [/eejit/home/chevu001/miniconda3/envs/BMIwrap/bin/../lib/gcc/x86_64-conda-linux-gnu/10.4.0/crtendS.o]
    arg [/eejit/home/chevu001/miniconda3/envs/BMIwrap/bin/../x86_64-conda-linux-gnu/sysroot/usr/lib/../lib/crtn.o] ==> obj [/eejit/home/chevu001/miniconda3/envs/BMIwrap/bin/../x86_64-conda-linux-gnu/sysroot/usr/lib/../lib/crtn.o]
    arg [-rpath] ==> ignore
    arg [/quanta1/home/chevu001/miniconda3/envs/BMIwrap/lib] ==> ignore
  collapse obj [/eejit/home/chevu001/miniconda3/envs/BMIwrap/bin/../x86_64-conda-linux-gnu/sysroot/usr/lib/../lib/Scrt1.o] ==> [/eejit/home/chevu001/miniconda3/envs/BMIwrap/x86_64-conda-linux-gnu/sysroot/usr/lib/Scrt1.o]
  collapse obj [/eejit/home/chevu001/miniconda3/envs/BMIwrap/bin/../x86_64-conda-linux-gnu/sysroot/usr/lib/../lib/crti.o] ==> [/eejit/home/chevu001/miniconda3/envs/BMIwrap/x86_64-conda-linux-gnu/sysroot/usr/lib/crti.o]
  collapse obj [/eejit/home/chevu001/miniconda3/envs/BMIwrap/bin/../lib/gcc/x86_64-conda-linux-gnu/10.4.0/crtbeginS.o] ==> [/eejit/home/chevu001/miniconda3/envs/BMIwrap/lib/gcc/x86_64-conda-linux-gnu/10.4.0/crtbeginS.o]
  collapse obj [/eejit/home/chevu001/miniconda3/envs/BMIwrap/bin/../lib/gcc/x86_64-conda-linux-gnu/10.4.0/crtendS.o] ==> [/eejit/home/chevu001/miniconda3/envs/BMIwrap/lib/gcc/x86_64-conda-linux-gnu/10.4.0/crtendS.o]
  collapse obj [/eejit/home/chevu001/miniconda3/envs/BMIwrap/bin/../x86_64-conda-linux-gnu/sysroot/usr/lib/../lib/crtn.o] ==> [/eejit/home/chevu001/miniconda3/envs/BMIwrap/x86_64-conda-linux-gnu/sysroot/usr/lib/crtn.o]
  collapse library dir [/quanta1/home/chevu001/miniconda3/envs/BMIwrap/lib] ==> [/quanta1/home/chevu001/miniconda3/envs/BMIwrap/lib]
  collapse library dir [/eejit/home/chevu001/miniconda3/envs/BMIwrap/bin/../lib/gcc/x86_64-conda-linux-gnu/10.4.0] ==> [/eejit/home/chevu001/miniconda3/envs/BMIwrap/lib/gcc/x86_64-conda-linux-gnu/10.4.0]
  collapse library dir [/eejit/home/chevu001/miniconda3/envs/BMIwrap/bin/../lib/gcc] ==> [/eejit/home/chevu001/miniconda3/envs/BMIwrap/lib/gcc]
  collapse library dir [/eejit/home/chevu001/miniconda3/envs/BMIwrap/bin/../lib/gcc/x86_64-conda-linux-gnu/10.4.0/../../../../x86_64-conda-linux-gnu/lib/../lib] ==> [/eejit/home/chevu001/miniconda3/envs/BMIwrap/x86_64-conda-linux-gnu/lib]
  collapse library dir [/eejit/home/chevu001/miniconda3/envs/BMIwrap/bin/../lib/gcc/x86_64-conda-linux-gnu/10.4.0/../../../../lib] ==> [/eejit/home/chevu001/miniconda3/envs/BMIwrap/lib]
  collapse library dir [/eejit/home/chevu001/miniconda3/envs/BMIwrap/bin/../x86_64-conda-linux-gnu/sysroot/lib/../lib] ==> [/eejit/home/chevu001/miniconda3/envs/BMIwrap/x86_64-conda-linux-gnu/sysroot/lib]
  collapse library dir [/eejit/home/chevu001/miniconda3/envs/BMIwrap/bin/../x86_64-conda-linux-gnu/sysroot/usr/lib/../lib] ==> [/eejit/home/chevu001/miniconda3/envs/BMIwrap/x86_64-conda-linux-gnu/sysroot/usr/lib]
  collapse library dir [/eejit/home/chevu001/miniconda3/envs/BMIwrap/bin/../lib/gcc/x86_64-conda-linux-gnu/10.4.0/../../../../x86_64-conda-linux-gnu/lib] ==> [/eejit/home/chevu001/miniconda3/envs/BMIwrap/x86_64-conda-linux-gnu/lib]
  collapse library dir [/eejit/home/chevu001/miniconda3/envs/BMIwrap/bin/../lib/gcc/x86_64-conda-linux-gnu/10.4.0/../../..] ==> [/eejit/home/chevu001/miniconda3/envs/BMIwrap/lib]
  collapse library dir [/eejit/home/chevu001/miniconda3/envs/BMIwrap/bin/../x86_64-conda-linux-gnu/sysroot/lib] ==> [/eejit/home/chevu001/miniconda3/envs/BMIwrap/x86_64-conda-linux-gnu/sysroot/lib]
  collapse library dir [/eejit/home/chevu001/miniconda3/envs/BMIwrap/bin/../x86_64-conda-linux-gnu/sysroot/usr/lib] ==> [/eejit/home/chevu001/miniconda3/envs/BMIwrap/x86_64-conda-linux-gnu/sysroot/usr/lib]
  implicit libs: [gcc;gcc_s;c;gcc;gcc_s]
  implicit objs: [/eejit/home/chevu001/miniconda3/envs/BMIwrap/x86_64-conda-linux-gnu/sysroot/usr/lib/Scrt1.o;/eejit/home/chevu001/miniconda3/envs/BMIwrap/x86_64-conda-linux-gnu/sysroot/usr/lib/crti.o;/eejit/home/chevu001/miniconda3/envs/BMIwrap/lib/gcc/x86_64-conda-linux-gnu/10.4.0/crtbeginS.o;/eejit/home/chevu001/miniconda3/envs/BMIwrap/lib/gcc/x86_64-conda-linux-gnu/10.4.0/crtendS.o;/eejit/home/chevu001/miniconda3/envs/BMIwrap/x86_64-conda-linux-gnu/sysroot/usr/lib/crtn.o]
  implicit dirs: [/quanta1/home/chevu001/miniconda3/envs/BMIwrap/lib;/eejit/home/chevu001/miniconda3/envs/BMIwrap/lib/gcc/x86_64-conda-linux-gnu/10.4.0;/eejit/home/chevu001/miniconda3/envs/BMIwrap/lib/gcc;/eejit/home/chevu001/miniconda3/envs/BMIwrap/x86_64-conda-linux-gnu/lib;/eejit/home/chevu001/miniconda3/envs/BMIwrap/lib;/eejit/home/chevu001/miniconda3/envs/BMIwrap/x86_64-conda-linux-gnu/sysroot/lib;/eejit/home/chevu001/miniconda3/envs/BMIwrap/x86_64-conda-linux-gnu/sysroot/usr/lib]
  implicit fwks: []


